<?xml version="1.0" encoding="UTF-8"?>
<!-- Generated by org.testng.reporters.JUnitReportReporter -->
<testsuite skipped="0" hostname="Tios-MacBook-Air.local" name="com.test.bukalapak.TestPlan" tests="1" failures="0" timestamp="2021-07-13T03:22:07 WIB" time="3.810" errors="0">
  <testcase name="submitForm" time="3.810" classname="com.test.bukalapak.TestPlan"/>
  <system-out/>
</testsuite> <!-- com.test.bukalapak.TestPlan -->
