<?xml version="1.0" encoding="UTF-8"?>
<!-- Generated by org.testng.reporters.JUnitReportReporter -->
<testsuite skipped="0" hostname="Tios-MacBook-Air.local" name="com.test.bukalapak.TestPlan" tests="2" failures="0" timestamp="2021-07-14T07:08:17 WIB" time="39.950" errors="0">
  <testcase name="Login" time="10.555" classname="com.test.bukalapak.TestPlan"/>
  <system-out/>
  <testcase name="setCart" time="29.395" classname="com.test.bukalapak.TestPlan"/>
  <system-out/>
</testsuite> <!-- com.test.bukalapak.TestPlan -->
